<?xml version="1.0" encoding="UTF-8"?>
<!-- Generated by org.testng.reporters.JUnitReportReporter -->
<testsuite skipped="0" hostname="A15273S2L" name="com.sampleCode.Libs" tests="1" failures="0" timestamp="15 Feb 2019 17:41:54 GMT" time="5.883" errors="0">
  <testcase name="Login" time="5.883" classname="com.sampleCode.Libs"/>
</testsuite> <!-- com.sampleCode.Libs -->
